<?xml version="1.0" encoding="UTF-8"?>
<coverage generated="1697733178805" clover="3.2.0">
  <project timestamp="1697733178805" name="All files">
    <metrics statements="114" coveredstatements="105" conditionals="16" coveredconditionals="14" methods="31" coveredmethods="25" elements="161" coveredelements="144" complexity="0" loc="114" ncloc="114" packages="1" files="4" classes="4"/>
    <file name="avatar.js" path="/Users/josilynmcguinness/Projects/wdg/chutes_and_ladders/src/js/model/avatar.js">
      <metrics statements="15" coveredstatements="15" conditionals="6" coveredconditionals="6" methods="5" coveredmethods="5"/>
      <line num="21" count="3" type="stmt"/>
      <line num="25" count="2" type="stmt"/>
      <line num="29" count="15" type="stmt"/>
      <line num="33" count="13" type="stmt"/>
      <line num="39" count="14" type="stmt"/>
      <line num="40" count="14" type="cond" truecount="2" falsecount="0"/>
      <line num="41" count="14" type="stmt"/>
      <line num="44" count="14" type="stmt"/>
      <line num="46" count="46" type="cond" truecount="4" falsecount="0"/>
      <line num="47" count="4" type="stmt"/>
      <line num="48" count="4" type="stmt"/>
      <line num="50" count="42" type="stmt"/>
      <line num="52" count="10" type="stmt"/>
      <line num="53" count="10" type="stmt"/>
      <line num="54" count="10" type="stmt"/>
    </file>
    <file name="die.js" path="/Users/josilynmcguinness/Projects/wdg/chutes_and_ladders/src/js/model/die.js">
      <metrics statements="10" coveredstatements="7" conditionals="0" coveredconditionals="0" methods="10" coveredmethods="7"/>
      <line num="18" count="5" type="stmt"/>
      <line num="19" count="64" type="stmt"/>
      <line num="24" count="0" type="stmt"/>
      <line num="29" count="0" type="stmt"/>
      <line num="38" count="6" type="stmt"/>
      <line num="43" count="0" type="stmt"/>
      <line num="48" count="1263" type="stmt"/>
      <line num="53" count="5" type="stmt"/>
      <line num="54" count="1065" type="stmt"/>
      <line num="59" count="4" type="stmt"/>
    </file>
    <file name="functions.js" path="/Users/josilynmcguinness/Projects/wdg/chutes_and_ladders/src/js/model/functions.js">
      <metrics statements="2" coveredstatements="2" conditionals="0" coveredconditionals="0" methods="1" coveredmethods="1"/>
      <line num="18" count="2" type="stmt"/>
      <line num="19" count="1362" type="stmt"/>
    </file>
    <file name="space.js" path="/Users/josilynmcguinness/Projects/wdg/chutes_and_ladders/src/js/model/space.js">
      <metrics statements="87" coveredstatements="81" conditionals="10" coveredconditionals="8" methods="15" coveredmethods="12"/>
      <line num="18" count="1" type="stmt"/>
      <line num="19" count="1" type="stmt"/>
      <line num="20" count="1" type="stmt"/>
      <line num="21" count="1" type="stmt"/>
      <line num="22" count="1" type="stmt"/>
      <line num="24" count="1" type="stmt"/>
      <line num="36" count="16" type="stmt"/>
      <line num="37" count="16" type="stmt"/>
      <line num="38" count="16" type="stmt"/>
      <line num="39" count="16" type="stmt"/>
      <line num="40" count="16" type="stmt"/>
      <line num="41" count="16" type="stmt"/>
      <line num="46" count="15" type="stmt"/>
      <line num="50" count="15" type="stmt"/>
      <line num="55" count="0" type="stmt"/>
      <line num="59" count="74" type="stmt"/>
      <line num="64" count="16" type="stmt"/>
      <line num="68" count="14" type="stmt"/>
      <line num="73" count="16" type="stmt"/>
      <line num="77" count="0" type="stmt"/>
      <line num="82" count="4" type="stmt"/>
      <line num="86" count="13" type="stmt"/>
      <line num="90" count="13" type="stmt"/>
      <line num="94" count="10" type="stmt"/>
      <line num="100" count="13" type="cond" truecount="2" falsecount="0"/>
      <line num="101" count="2" type="stmt"/>
      <line num="105" count="13" type="cond" truecount="4" falsecount="0"/>
      <line num="106" count="1" type="stmt"/>
      <line num="107" count="1" type="stmt"/>
      <line num="110" count="13" type="cond" truecount="2" falsecount="0"/>
      <line num="111" count="2" type="stmt"/>
      <line num="112" count="2" type="stmt"/>
      <line num="115" count="11" type="stmt"/>
      <line num="116" count="11" type="stmt"/>
      <line num="122" count="0" type="stmt"/>
      <line num="123" count="0" type="cond" truecount="0" falsecount="2"/>
      <line num="124" count="0" type="stmt"/>
      <line num="127" count="0" type="stmt"/>
      <line num="132" count="1" type="stmt"/>
      <line num="133" count="1" type="stmt"/>
      <line num="134" count="1" type="stmt"/>
      <line num="135" count="1" type="stmt"/>
      <line num="136" count="1" type="stmt"/>
      <line num="137" count="1" type="stmt"/>
      <line num="138" count="1" type="stmt"/>
      <line num="139" count="1" type="stmt"/>
      <line num="141" count="1" type="stmt"/>
      <line num="142" count="1" type="stmt"/>
      <line num="143" count="1" type="stmt"/>
      <line num="144" count="1" type="stmt"/>
      <line num="145" count="1" type="stmt"/>
      <line num="146" count="1" type="stmt"/>
      <line num="147" count="1" type="stmt"/>
      <line num="148" count="1" type="stmt"/>
      <line num="149" count="1" type="stmt"/>
      <line num="150" count="1" type="stmt"/>
      <line num="151" count="1" type="stmt"/>
      <line num="152" count="1" type="stmt"/>
      <line num="153" count="1" type="stmt"/>
      <line num="154" count="1" type="stmt"/>
      <line num="155" count="1" type="stmt"/>
      <line num="156" count="1" type="stmt"/>
      <line num="157" count="1" type="stmt"/>
      <line num="158" count="1" type="stmt"/>
      <line num="159" count="1" type="stmt"/>
      <line num="160" count="1" type="stmt"/>
      <line num="163" count="1" type="stmt"/>
      <line num="164" count="1" type="stmt"/>
      <line num="165" count="1" type="stmt"/>
      <line num="166" count="1" type="stmt"/>
      <line num="167" count="1" type="stmt"/>
      <line num="168" count="1" type="stmt"/>
      <line num="169" count="1" type="stmt"/>
      <line num="170" count="1" type="stmt"/>
      <line num="171" count="1" type="stmt"/>
      <line num="172" count="1" type="stmt"/>
      <line num="173" count="1" type="stmt"/>
      <line num="174" count="1" type="stmt"/>
      <line num="175" count="1" type="stmt"/>
      <line num="176" count="1" type="stmt"/>
      <line num="177" count="1" type="stmt"/>
      <line num="178" count="1" type="stmt"/>
      <line num="179" count="1" type="stmt"/>
      <line num="180" count="1" type="stmt"/>
      <line num="181" count="1" type="stmt"/>
      <line num="182" count="1" type="stmt"/>
      <line num="183" count="1" type="stmt"/>
    </file>
  </project>
</coverage>
