<?xml version="1.0" encoding="UTF-8"?>
<coverage generated="1696107851790" clover="3.2.0">
  <project timestamp="1696107851790" name="All files">
    <metrics statements="18" coveredstatements="16" conditionals="0" coveredconditionals="0" methods="11" coveredmethods="9" elements="29" coveredelements="25" complexity="0" loc="18" ncloc="18" packages="1" files="2" classes="2"/>
    <file name="die.js" path="/Users/josilynmcguinness/Projects/wdg/chutes_and_ladders/src/js/model/die.js">
      <metrics statements="15" coveredstatements="13" conditionals="0" coveredconditionals="0" methods="10" coveredmethods="8"/>
      <line num="18" count="6" type="stmt"/>
      <line num="19" count="68" type="stmt"/>
      <line num="24" count="0" type="stmt"/>
      <line num="29" count="0" type="stmt"/>
      <line num="38" count="7" type="stmt"/>
      <line num="43" count="2" type="stmt"/>
      <line num="48" count="284" type="stmt"/>
      <line num="53" count="7" type="stmt"/>
      <line num="54" count="85" type="stmt"/>
      <line num="59" count="5" type="stmt"/>
      <line num="65" count="1" type="stmt"/>
      <line num="66" count="1" type="stmt"/>
      <line num="67" count="1" type="stmt"/>
      <line num="68" count="1" type="stmt"/>
      <line num="69" count="1" type="stmt"/>
    </file>
    <file name="functions.js" path="/Users/josilynmcguinness/Projects/wdg/chutes_and_ladders/src/js/model/functions.js">
      <metrics statements="3" coveredstatements="3" conditionals="0" coveredconditionals="0" methods="1" coveredmethods="1"/>
      <line num="18" count="2" type="stmt"/>
      <line num="19" count="1283" type="stmt"/>
      <line num="23" count="2" type="stmt"/>
    </file>
  </project>
</coverage>
