{"/Users/josilynmcguinness/Projects/wdg/chutes_and_ladders/src/js/model/board.js": {"path":"/Users/josilynmcguinness/Projects/wdg/chutes_and_ladders/src/js/model/board.js","statementMap":{"0":{"start":{"line":24,"column":4},"end":{"line":24,"column":48}},"1":{"start":{"line":25,"column":4},"end":{"line":25,"column":32}},"2":{"start":{"line":26,"column":4},"end":{"line":26,"column":32}},"3":{"start":{"line":27,"column":4},"end":{"line":27,"column":34}},"4":{"start":{"line":31,"column":4},"end":{"line":31,"column":23}},"5":{"start":{"line":35,"column":4},"end":{"line":35,"column":24}},"6":{"start":{"line":39,"column":19},"end":{"line":39,"column":34}},"7":{"start":{"line":42,"column":19},"end":{"line":42,"column":70}},"8":{"start":{"line":44,"column":4},"end":{"line":76,"column":5}},"9":{"start":{"line":44,"column":17},"end":{"line":44,"column":18}},"10":{"start":{"line":45,"column":6},"end":{"line":75,"column":7}},"11":{"start":{"line":49,"column":8},"end":{"line":54,"column":9}},"12":{"start":{"line":50,"column":22},"end":{"line":50,"column":80}},"13":{"start":{"line":50,"column":60},"end":{"line":50,"column":79}},"14":{"start":{"line":51,"column":10},"end":{"line":52,"column":111}},"15":{"start":{"line":53,"column":10},"end":{"line":53,"column":55}},"16":{"start":{"line":59,"column":8},"end":{"line":63,"column":9}},"17":{"start":{"line":59,"column":21},"end":{"line":59,"column":22}},"18":{"start":{"line":60,"column":10},"end":{"line":62,"column":11}},"19":{"start":{"line":61,"column":12},"end":{"line":61,"column":46}},"20":{"start":{"line":64,"column":8},"end":{"line":66,"column":9}},"21":{"start":{"line":65,"column":10},"end":{"line":65,"column":57}},"22":{"start":{"line":67,"column":8},"end":{"line":67,"column":34}},"23":{"start":{"line":68,"column":8},"end":{"line":68,"column":38}},"24":{"start":{"line":69,"column":8},"end":{"line":69,"column":29}},"25":{"start":{"line":71,"column":8},"end":{"line":71,"column":52}},"26":{"start":{"line":72,"column":8},"end":{"line":72,"column":34}},"27":{"start":{"line":73,"column":8},"end":{"line":73,"column":38}},"28":{"start":{"line":74,"column":8},"end":{"line":74,"column":29}},"29":{"start":{"line":80,"column":12},"end":{"line":80,"column":20}},"30":{"start":{"line":83,"column":4},"end":{"line":100,"column":5}},"31":{"start":{"line":83,"column":17},"end":{"line":83,"column":18}},"32":{"start":{"line":84,"column":6},"end":{"line":84,"column":67}},"33":{"start":{"line":85,"column":6},"end":{"line":85,"column":60}},"34":{"start":{"line":86,"column":6},"end":{"line":91,"column":7}},"35":{"start":{"line":87,"column":8},"end":{"line":87,"column":18}},"36":{"start":{"line":88,"column":8},"end":{"line":88,"column":17}},"37":{"start":{"line":90,"column":8},"end":{"line":90,"column":30}},"38":{"start":{"line":92,"column":6},"end":{"line":98,"column":7}},"39":{"start":{"line":97,"column":8},"end":{"line":97,"column":67}},"40":{"start":{"line":99,"column":6},"end":{"line":99,"column":26}},"41":{"start":{"line":101,"column":4},"end":{"line":101,"column":13}},"42":{"start":{"line":105,"column":12},"end":{"line":105,"column":20}},"43":{"start":{"line":108,"column":4},"end":{"line":125,"column":5}},"44":{"start":{"line":108,"column":17},"end":{"line":108,"column":18}},"45":{"start":{"line":109,"column":6},"end":{"line":109,"column":68}},"46":{"start":{"line":110,"column":6},"end":{"line":110,"column":66}},"47":{"start":{"line":111,"column":6},"end":{"line":116,"column":7}},"48":{"start":{"line":112,"column":8},"end":{"line":112,"column":18}},"49":{"start":{"line":113,"column":8},"end":{"line":113,"column":17}},"50":{"start":{"line":115,"column":8},"end":{"line":115,"column":31}},"51":{"start":{"line":117,"column":6},"end":{"line":123,"column":7}},"52":{"start":{"line":122,"column":8},"end":{"line":122,"column":68}},"53":{"start":{"line":124,"column":6},"end":{"line":124,"column":27}},"54":{"start":{"line":126,"column":4},"end":{"line":126,"column":13}},"55":{"start":{"line":130,"column":32},"end":{"line":133,"column":5}},"56":{"start":{"line":134,"column":17},"end":{"line":134,"column":25}},"57":{"start":{"line":135,"column":18},"end":{"line":135,"column":26}},"58":{"start":{"line":136,"column":20},"end":{"line":136,"column":22}},"59":{"start":{"line":137,"column":4},"end":{"line":140,"column":5}},"60":{"start":{"line":138,"column":6},"end":{"line":138,"column":50}},"61":{"start":{"line":139,"column":6},"end":{"line":139,"column":53}},"62":{"start":{"line":142,"column":4},"end":{"line":142,"column":69}},"63":{"start":{"line":143,"column":4},"end":{"line":143,"column":45}},"64":{"start":{"line":144,"column":4},"end":{"line":146,"column":5}},"65":{"start":{"line":144,"column":17},"end":{"line":144,"column":18}},"66":{"start":{"line":145,"column":6},"end":{"line":145,"column":85}},"67":{"start":{"line":147,"column":4},"end":{"line":147,"column":33}},"68":{"start":{"line":151,"column":17},"end":{"line":151,"column":22}},"69":{"start":{"line":152,"column":33},"end":{"line":152,"column":84}},"70":{"start":{"line":153,"column":21},"end":{"line":153,"column":64}},"71":{"start":{"line":154,"column":4},"end":{"line":156,"column":5}},"72":{"start":{"line":155,"column":6},"end":{"line":155,"column":20}},"73":{"start":{"line":157,"column":4},"end":{"line":157,"column":18}},"74":{"start":{"line":161,"column":14},"end":{"line":161,"column":23}},"75":{"start":{"line":162,"column":14},"end":{"line":162,"column":16}},"76":{"start":{"line":164,"column":4},"end":{"line":186,"column":5}},"77":{"start":{"line":165,"column":6},"end":{"line":184,"column":7}},"78":{"start":{"line":166,"column":8},"end":{"line":170,"column":9}},"79":{"start":{"line":166,"column":21},"end":{"line":166,"column":22}},"80":{"start":{"line":168,"column":10},"end":{"line":168,"column":110}},"81":{"start":{"line":169,"column":10},"end":{"line":169,"column":29}},"82":{"start":{"line":172,"column":8},"end":{"line":172,"column":28}},"83":{"start":{"line":173,"column":8},"end":{"line":176,"column":9}},"84":{"start":{"line":173,"column":21},"end":{"line":173,"column":22}},"85":{"start":{"line":174,"column":10},"end":{"line":174,"column":39}},"86":{"start":{"line":175,"column":10},"end":{"line":175,"column":29}},"87":{"start":{"line":177,"column":8},"end":{"line":177,"column":27}},"88":{"start":{"line":178,"column":24},"end":{"line":178,"column":34}},"89":{"start":{"line":179,"column":18},"end":{"line":179,"column":19}},"90":{"start":{"line":180,"column":8},"end":{"line":183,"column":9}},"91":{"start":{"line":180,"column":21},"end":{"line":180,"column":22}},"92":{"start":{"line":181,"column":10},"end":{"line":181,"column":26}},"93":{"start":{"line":182,"column":10},"end":{"line":182,"column":94}},"94":{"start":{"line":185,"column":6},"end":{"line":185,"column":20}},"95":{"start":{"line":190,"column":25},"end":{"line":190,"column":45}},"96":{"start":{"line":191,"column":0},"end":{"line":191,"column":30}},"97":{"start":{"line":192,"column":8},"end":{"line":192,"column":35}},"98":{"start":{"line":193,"column":12},"end":{"line":193,"column":13}},"99":{"start":{"line":194,"column":0},"end":{"line":197,"column":1}},"100":{"start":{"line":195,"column":2},"end":{"line":195,"column":10}},"101":{"start":{"line":196,"column":2},"end":{"line":196,"column":13}},"102":{"start":{"line":198,"column":0},"end":{"line":198,"column":19}},"103":{"start":{"line":199,"column":0},"end":{"line":199,"column":27}}},"fnMap":{"0":{"name":"(anonymous_0)","decl":{"start":{"line":23,"column":2},"end":{"line":23,"column":3}},"loc":{"start":{"line":23,"column":48},"end":{"line":28,"column":3}},"line":23},"1":{"name":"(anonymous_1)","decl":{"start":{"line":30,"column":2},"end":{"line":30,"column":3}},"loc":{"start":{"line":30,"column":19},"end":{"line":32,"column":3}},"line":30},"2":{"name":"(anonymous_2)","decl":{"start":{"line":34,"column":2},"end":{"line":34,"column":3}},"loc":{"start":{"line":34,"column":24},"end":{"line":36,"column":3}},"line":34},"3":{"name":"(anonymous_3)","decl":{"start":{"line":38,"column":2},"end":{"line":38,"column":3}},"loc":{"start":{"line":38,"column":15},"end":{"line":77,"column":3}},"line":38},"4":{"name":"(anonymous_4)","decl":{"start":{"line":50,"column":53},"end":{"line":50,"column":54}},"loc":{"start":{"line":50,"column":60},"end":{"line":50,"column":79}},"line":50},"5":{"name":"(anonymous_5)","decl":{"start":{"line":79,"column":2},"end":{"line":79,"column":3}},"loc":{"start":{"line":79,"column":20},"end":{"line":102,"column":3}},"line":79},"6":{"name":"(anonymous_6)","decl":{"start":{"line":104,"column":2},"end":{"line":104,"column":3}},"loc":{"start":{"line":104,"column":21},"end":{"line":127,"column":3}},"line":104},"7":{"name":"(anonymous_7)","decl":{"start":{"line":129,"column":2},"end":{"line":129,"column":3}},"loc":{"start":{"line":129,"column":18},"end":{"line":148,"column":3}},"line":129},"8":{"name":"(anonymous_8)","decl":{"start":{"line":150,"column":2},"end":{"line":150,"column":3}},"loc":{"start":{"line":150,"column":32},"end":{"line":158,"column":3}},"line":150},"9":{"name":"(anonymous_9)","decl":{"start":{"line":160,"column":2},"end":{"line":160,"column":3}},"loc":{"start":{"line":160,"column":12},"end":{"line":187,"column":3}},"line":160}},"branchMap":{"0":{"loc":{"start":{"line":45,"column":6},"end":{"line":75,"column":7}},"type":"if","locations":[{"start":{"line":45,"column":6},"end":{"line":75,"column":7}},{"start":{"line":70,"column":13},"end":{"line":75,"column":7}}],"line":45},"1":{"loc":{"start":{"line":49,"column":8},"end":{"line":54,"column":9}},"type":"if","locations":[{"start":{"line":49,"column":8},"end":{"line":54,"column":9}},{"start":{},"end":{}}],"line":49},"2":{"loc":{"start":{"line":52,"column":12},"end":{"line":52,"column":110}},"type":"cond-expr","locations":[{"start":{"line":52,"column":76},"end":{"line":52,"column":92}},{"start":{"line":52,"column":95},"end":{"line":52,"column":110}}],"line":52},"3":{"loc":{"start":{"line":60,"column":10},"end":{"line":62,"column":11}},"type":"if","locations":[{"start":{"line":60,"column":10},"end":{"line":62,"column":11}},{"start":{},"end":{}}],"line":60},"4":{"loc":{"start":{"line":64,"column":8},"end":{"line":66,"column":9}},"type":"if","locations":[{"start":{"line":64,"column":8},"end":{"line":66,"column":9}},{"start":{},"end":{}}],"line":64},"5":{"loc":{"start":{"line":86,"column":6},"end":{"line":91,"column":7}},"type":"if","locations":[{"start":{"line":86,"column":6},"end":{"line":91,"column":7}},{"start":{"line":89,"column":13},"end":{"line":91,"column":7}}],"line":86},"6":{"loc":{"start":{"line":86,"column":10},"end":{"line":86,"column":72}},"type":"binary-expr","locations":[{"start":{"line":86,"column":10},"end":{"line":86,"column":35}},{"start":{"line":86,"column":39},"end":{"line":86,"column":72}}],"line":86},"7":{"loc":{"start":{"line":93,"column":8},"end":{"line":95,"column":65}},"type":"binary-expr","locations":[{"start":{"line":93,"column":8},"end":{"line":93,"column":31}},{"start":{"line":94,"column":8},"end":{"line":94,"column":30}},{"start":{"line":95,"column":8},"end":{"line":95,"column":65}}],"line":93},"8":{"loc":{"start":{"line":111,"column":6},"end":{"line":116,"column":7}},"type":"if","locations":[{"start":{"line":111,"column":6},"end":{"line":116,"column":7}},{"start":{"line":114,"column":13},"end":{"line":116,"column":7}}],"line":111},"9":{"loc":{"start":{"line":111,"column":10},"end":{"line":111,"column":111}},"type":"binary-expr","locations":[{"start":{"line":111,"column":10},"end":{"line":111,"column":36}},{"start":{"line":111,"column":40},"end":{"line":111,"column":111}}],"line":111},"10":{"loc":{"start":{"line":118,"column":8},"end":{"line":120,"column":67}},"type":"binary-expr","locations":[{"start":{"line":118,"column":8},"end":{"line":118,"column":32}},{"start":{"line":119,"column":8},"end":{"line":119,"column":32}},{"start":{"line":120,"column":8},"end":{"line":120,"column":67}}],"line":118},"11":{"loc":{"start":{"line":154,"column":4},"end":{"line":156,"column":5}},"type":"if","locations":[{"start":{"line":154,"column":4},"end":{"line":156,"column":5}},{"start":{},"end":{}}],"line":154},"12":{"loc":{"start":{"line":165,"column":6},"end":{"line":184,"column":7}},"type":"if","locations":[{"start":{"line":165,"column":6},"end":{"line":184,"column":7}},{"start":{"line":171,"column":13},"end":{"line":184,"column":7}}],"line":165},"13":{"loc":{"start":{"line":168,"column":10},"end":{"line":168,"column":109}},"type":"cond-expr","locations":[{"start":{"line":168,"column":27},"end":{"line":168,"column":66}},{"start":{"line":168,"column":69},"end":{"line":168,"column":109}}],"line":168},"14":{"loc":{"start":{"line":182,"column":10},"end":{"line":182,"column":93}},"type":"cond-expr","locations":[{"start":{"line":182,"column":21},"end":{"line":182,"column":56}},{"start":{"line":182,"column":59},"end":{"line":182,"column":93}}],"line":182}},"s":{"0":2,"1":2,"2":2,"3":2,"4":7,"5":0,"6":3,"7":3,"8":3,"9":3,"10":199,"11":197,"12":20,"13":110,"14":20,"15":20,"16":197,"17":197,"18":1970,"19":18,"20":197,"21":196,"22":197,"23":197,"24":196,"25":2,"26":2,"27":2,"28":2,"29":13,"30":13,"31":13,"32":68,"33":68,"34":68,"35":3,"36":3,"37":65,"38":65,"39":86,"40":65,"41":13,"42":13,"43":13,"44":13,"45":74,"46":74,"47":74,"48":9,"49":9,"50":65,"51":65,"52":344,"53":65,"54":13,"55":3,"56":3,"57":3,"58":3,"59":3,"60":13,"61":13,"62":3,"63":3,"64":3,"65":3,"66":30,"67":3,"68":16,"69":16,"70":16,"71":16,"72":3,"73":16,"74":1,"75":1,"76":1,"77":10,"78":5,"79":5,"80":50,"81":50,"82":5,"83":5,"84":5,"85":45,"86":45,"87":5,"88":5,"89":5,"90":5,"91":5,"92":50,"93":50,"94":10,"95":1,"96":1,"97":1,"98":1,"99":1,"100":99,"101":99,"102":1,"103":1},"f":{"0":2,"1":7,"2":0,"3":3,"4":110,"5":13,"6":13,"7":3,"8":16,"9":1},"b":{"0":[197,2],"1":[20,177],"2":[10,10],"3":[18,1952],"4":[196,1],"5":[3,65],"6":[68,68],"7":[151,149,77],"8":[9,65],"9":[74,72],"10":[409,404,83],"11":[3,13],"12":[5,5],"13":[1,49],"14":[9,41]},"_coverageSchema":"1a1c01bbd47fc00a2c39e90264f33305004495a9","hash":"b849225ea54f2906ed5758cccaff0f2c0d0bcaf0"}
,"/Users/josilynmcguinness/Projects/wdg/chutes_and_ladders/src/js/model/space.js": {"path":"/Users/josilynmcguinness/Projects/wdg/chutes_and_ladders/src/js/model/space.js","statementMap":{"0":{"start":{"line":18,"column":17},"end":{"line":18,"column":18}},"1":{"start":{"line":19,"column":18},"end":{"line":19,"column":19}},"2":{"start":{"line":20,"column":17},"end":{"line":20,"column":18}},"3":{"start":{"line":21,"column":18},"end":{"line":21,"column":19}},"4":{"start":{"line":22,"column":15},"end":{"line":22,"column":16}},"5":{"start":{"line":24,"column":0},"end":{"line":24,"column":25}},"6":{"start":{"line":35,"column":4},"end":{"line":35,"column":24}},"7":{"start":{"line":36,"column":4},"end":{"line":36,"column":22}},"8":{"start":{"line":37,"column":4},"end":{"line":37,"column":22}},"9":{"start":{"line":38,"column":4},"end":{"line":38,"column":26}},"10":{"start":{"line":39,"column":4},"end":{"line":39,"column":25}},"11":{"start":{"line":40,"column":4},"end":{"line":40,"column":23}},"12":{"start":{"line":45,"column":4},"end":{"line":45,"column":23}},"13":{"start":{"line":49,"column":4},"end":{"line":49,"column":22}},"14":{"start":{"line":54,"column":4},"end":{"line":54,"column":27}},"15":{"start":{"line":58,"column":4},"end":{"line":58,"column":22}},"16":{"start":{"line":63,"column":4},"end":{"line":63,"column":27}},"17":{"start":{"line":67,"column":4},"end":{"line":67,"column":26}},"18":{"start":{"line":72,"column":4},"end":{"line":72,"column":35}},"19":{"start":{"line":76,"column":4},"end":{"line":76,"column":25}},"20":{"start":{"line":81,"column":4},"end":{"line":81,"column":26}},"21":{"start":{"line":85,"column":4},"end":{"line":85,"column":36}},"22":{"start":{"line":89,"column":4},"end":{"line":89,"column":26}},"23":{"start":{"line":93,"column":4},"end":{"line":93,"column":24}},"24":{"start":{"line":99,"column":4},"end":{"line":101,"column":5}},"25":{"start":{"line":100,"column":6},"end":{"line":100,"column":42}},"26":{"start":{"line":104,"column":4},"end":{"line":107,"column":5}},"27":{"start":{"line":105,"column":6},"end":{"line":105,"column":45}},"28":{"start":{"line":106,"column":6},"end":{"line":106,"column":54}},"29":{"start":{"line":109,"column":4},"end":{"line":116,"column":5}},"30":{"start":{"line":110,"column":6},"end":{"line":110,"column":38}},"31":{"start":{"line":111,"column":6},"end":{"line":111,"column":37}},"32":{"start":{"line":114,"column":6},"end":{"line":114,"column":28}},"33":{"start":{"line":115,"column":6},"end":{"line":115,"column":29}},"34":{"start":{"line":121,"column":4},"end":{"line":125,"column":5}},"35":{"start":{"line":121,"column":17},"end":{"line":121,"column":18}},"36":{"start":{"line":122,"column":6},"end":{"line":124,"column":7}},"37":{"start":{"line":123,"column":8},"end":{"line":123,"column":21}},"38":{"start":{"line":126,"column":4},"end":{"line":126,"column":16}}},"fnMap":{"0":{"name":"(anonymous_0)","decl":{"start":{"line":34,"column":2},"end":{"line":34,"column":3}},"loc":{"start":{"line":34,"column":27},"end":{"line":41,"column":3}},"line":34},"1":{"name":"(anonymous_1)","decl":{"start":{"line":44,"column":2},"end":{"line":44,"column":3}},"loc":{"start":{"line":44,"column":14},"end":{"line":46,"column":3}},"line":44},"2":{"name":"(anonymous_2)","decl":{"start":{"line":48,"column":2},"end":{"line":48,"column":3}},"loc":{"start":{"line":48,"column":13},"end":{"line":50,"column":3}},"line":48},"3":{"name":"(anonymous_3)","decl":{"start":{"line":53,"column":2},"end":{"line":53,"column":3}},"loc":{"start":{"line":53,"column":22},"end":{"line":55,"column":3}},"line":53},"4":{"name":"(anonymous_4)","decl":{"start":{"line":57,"column":2},"end":{"line":57,"column":3}},"loc":{"start":{"line":57,"column":13},"end":{"line":59,"column":3}},"line":57},"5":{"name":"(anonymous_5)","decl":{"start":{"line":62,"column":2},"end":{"line":62,"column":3}},"loc":{"start":{"line":62,"column":22},"end":{"line":64,"column":3}},"line":62},"6":{"name":"(anonymous_6)","decl":{"start":{"line":66,"column":2},"end":{"line":66,"column":3}},"loc":{"start":{"line":66,"column":17},"end":{"line":68,"column":3}},"line":66},"7":{"name":"(anonymous_7)","decl":{"start":{"line":71,"column":2},"end":{"line":71,"column":3}},"loc":{"start":{"line":71,"column":30},"end":{"line":73,"column":3}},"line":71},"8":{"name":"(anonymous_8)","decl":{"start":{"line":75,"column":2},"end":{"line":75,"column":3}},"loc":{"start":{"line":75,"column":16},"end":{"line":77,"column":3}},"line":75},"9":{"name":"(anonymous_9)","decl":{"start":{"line":80,"column":2},"end":{"line":80,"column":3}},"loc":{"start":{"line":80,"column":21},"end":{"line":82,"column":3}},"line":80},"10":{"name":"(anonymous_10)","decl":{"start":{"line":84,"column":2},"end":{"line":84,"column":3}},"loc":{"start":{"line":84,"column":17},"end":{"line":86,"column":3}},"line":84},"11":{"name":"(anonymous_11)","decl":{"start":{"line":88,"column":2},"end":{"line":88,"column":3}},"loc":{"start":{"line":88,"column":17},"end":{"line":90,"column":3}},"line":88},"12":{"name":"(anonymous_12)","decl":{"start":{"line":92,"column":2},"end":{"line":92,"column":3}},"loc":{"start":{"line":92,"column":10},"end":{"line":94,"column":3}},"line":92},"13":{"name":"(anonymous_13)","decl":{"start":{"line":97,"column":2},"end":{"line":97,"column":3}},"loc":{"start":{"line":97,"column":15},"end":{"line":117,"column":3}},"line":97},"14":{"name":"(anonymous_14)","decl":{"start":{"line":120,"column":2},"end":{"line":120,"column":3}},"loc":{"start":{"line":120,"column":20},"end":{"line":127,"column":3}},"line":120}},"branchMap":{"0":{"loc":{"start":{"line":99,"column":4},"end":{"line":101,"column":5}},"type":"if","locations":[{"start":{"line":99,"column":4},"end":{"line":101,"column":5}},{"start":{},"end":{}}],"line":99},"1":{"loc":{"start":{"line":104,"column":4},"end":{"line":107,"column":5}},"type":"if","locations":[{"start":{"line":104,"column":4},"end":{"line":107,"column":5}},{"start":{},"end":{}}],"line":104},"2":{"loc":{"start":{"line":104,"column":8},"end":{"line":104,"column":53}},"type":"binary-expr","locations":[{"start":{"line":104,"column":8},"end":{"line":104,"column":21}},{"start":{"line":104,"column":25},"end":{"line":104,"column":53}}],"line":104},"3":{"loc":{"start":{"line":109,"column":4},"end":{"line":116,"column":5}},"type":"if","locations":[{"start":{"line":109,"column":4},"end":{"line":116,"column":5}},{"start":{"line":113,"column":11},"end":{"line":116,"column":5}}],"line":109},"4":{"loc":{"start":{"line":122,"column":6},"end":{"line":124,"column":7}},"type":"if","locations":[{"start":{"line":122,"column":6},"end":{"line":124,"column":7}},{"start":{},"end":{}}],"line":122}},"s":{"0":1,"1":1,"2":1,"3":1,"4":1,"5":1,"6":230,"7":230,"8":230,"9":230,"10":230,"11":230,"12":4427,"13":1,"14":20,"15":397,"16":199,"17":145,"18":198,"19":0,"20":20,"21":0,"22":0,"23":0,"24":0,"25":0,"26":0,"27":0,"28":0,"29":0,"30":0,"31":0,"32":0,"33":0,"34":0,"35":0,"36":0,"37":0,"38":0},"f":{"0":230,"1":4427,"2":1,"3":20,"4":397,"5":199,"6":145,"7":198,"8":0,"9":20,"10":0,"11":0,"12":0,"13":0,"14":0},"b":{"0":[0,0],"1":[0,0],"2":[0,0],"3":[0,0],"4":[0,0]},"_coverageSchema":"1a1c01bbd47fc00a2c39e90264f33305004495a9","hash":"b3704bcd93660a11574e79df3a55100ff20e6cd0"}
}
