{"/Users/josilynmcguinness/Projects/wdg/chutes_and_ladders/src/js/model/die.js": {"path":"/Users/josilynmcguinness/Projects/wdg/chutes_and_ladders/src/js/model/die.js","statementMap":{"0":{"start":{"line":18,"column":4},"end":{"line":18,"column":28}},"1":{"start":{"line":19,"column":4},"end":{"line":19,"column":88}},"2":{"start":{"line":19,"column":62},"end":{"line":19,"column":86}},"3":{"start":{"line":24,"column":4},"end":{"line":24,"column":22}},"4":{"start":{"line":29,"column":4},"end":{"line":29,"column":20}},"5":{"start":{"line":38,"column":4},"end":{"line":38,"column":24}},"6":{"start":{"line":43,"column":4},"end":{"line":43,"column":23}},"7":{"start":{"line":48,"column":4},"end":{"line":48,"column":45}},"8":{"start":{"line":53,"column":16},"end":{"line":53,"column":37}},"9":{"start":{"line":54,"column":4},"end":{"line":54,"column":47}},"10":{"start":{"line":54,"column":35},"end":{"line":54,"column":46}},"11":{"start":{"line":59,"column":4},"end":{"line":59,"column":57}},"12":{"start":{"line":65,"column":10},"end":{"line":65,"column":21}},"13":{"start":{"line":66,"column":0},"end":{"line":66,"column":20}},"14":{"start":{"line":67,"column":0},"end":{"line":67,"column":21}},"15":{"start":{"line":68,"column":0},"end":{"line":68,"column":30}},"16":{"start":{"line":69,"column":0},"end":{"line":69,"column":36}}},"fnMap":{"0":{"name":"(anonymous_0)","decl":{"start":{"line":17,"column":2},"end":{"line":17,"column":3}},"loc":{"start":{"line":17,"column":21},"end":{"line":20,"column":3}},"line":17},"1":{"name":"(anonymous_1)","decl":{"start":{"line":19,"column":33},"end":{"line":19,"column":34}},"loc":{"start":{"line":19,"column":62},"end":{"line":19,"column":86}},"line":19},"2":{"name":"(anonymous_2)","decl":{"start":{"line":23,"column":2},"end":{"line":23,"column":3}},"loc":{"start":{"line":23,"column":15},"end":{"line":25,"column":3}},"line":23},"3":{"name":"(anonymous_3)","decl":{"start":{"line":28,"column":2},"end":{"line":28,"column":3}},"loc":{"start":{"line":28,"column":8},"end":{"line":30,"column":3}},"line":28},"4":{"name":"(anonymous_4)","decl":{"start":{"line":37,"column":2},"end":{"line":37,"column":3}},"loc":{"start":{"line":37,"column":21},"end":{"line":39,"column":3}},"line":37},"5":{"name":"(anonymous_5)","decl":{"start":{"line":42,"column":2},"end":{"line":42,"column":3}},"loc":{"start":{"line":42,"column":14},"end":{"line":44,"column":3}},"line":42},"6":{"name":"(anonymous_6)","decl":{"start":{"line":47,"column":2},"end":{"line":47,"column":3}},"loc":{"start":{"line":47,"column":9},"end":{"line":49,"column":3}},"line":47},"7":{"name":"(anonymous_7)","decl":{"start":{"line":52,"column":2},"end":{"line":52,"column":3}},"loc":{"start":{"line":52,"column":27},"end":{"line":55,"column":3}},"line":52},"8":{"name":"(anonymous_8)","decl":{"start":{"line":54,"column":29},"end":{"line":54,"column":30}},"loc":{"start":{"line":54,"column":35},"end":{"line":54,"column":46}},"line":54},"9":{"name":"(anonymous_9)","decl":{"start":{"line":58,"column":2},"end":{"line":58,"column":3}},"loc":{"start":{"line":58,"column":33},"end":{"line":60,"column":3}},"line":58}},"branchMap":{},"s":{"0":6,"1":6,"2":68,"3":0,"4":0,"5":7,"6":2,"7":284,"8":7,"9":7,"10":85,"11":5,"12":1,"13":1,"14":1,"15":1,"16":1},"f":{"0":6,"1":68,"2":0,"3":0,"4":7,"5":2,"6":284,"7":7,"8":85,"9":5},"b":{},"_coverageSchema":"1a1c01bbd47fc00a2c39e90264f33305004495a9","hash":"e9ad059a3a29b8a5311a4f9b980c29743ee6a349"}
,"/Users/josilynmcguinness/Projects/wdg/chutes_and_ladders/src/js/model/functions.js": {"path":"/Users/josilynmcguinness/Projects/wdg/chutes_and_ladders/src/js/model/functions.js","statementMap":{"0":{"start":{"line":18,"column":36},"end":{"line":20,"column":1}},"1":{"start":{"line":19,"column":2},"end":{"line":19,"column":52}},"2":{"start":{"line":23,"column":25},"end":{"line":27,"column":2}}},"fnMap":{"0":{"name":"(anonymous_0)","decl":{"start":{"line":18,"column":36},"end":{"line":18,"column":37}},"loc":{"start":{"line":18,"column":52},"end":{"line":20,"column":1}},"line":18}},"branchMap":{},"s":{"0":2,"1":1283,"2":2},"f":{"0":1283},"b":{},"_coverageSchema":"1a1c01bbd47fc00a2c39e90264f33305004495a9","hash":"a79404bb7a671c86dca8c2d820a2f12b6e75cdee"}
}
