TN:
SF:src/js/model/die.js
FN:17,(anonymous_0)
FN:19,(anonymous_1)
FN:23,(anonymous_2)
FN:28,(anonymous_3)
FN:37,(anonymous_4)
FN:42,(anonymous_5)
FN:47,(anonymous_6)
FN:52,(anonymous_7)
FN:54,(anonymous_8)
FN:58,(anonymous_9)
FNF:10
FNH:8
FNDA:6,(anonymous_0)
FNDA:68,(anonymous_1)
FNDA:0,(anonymous_2)
FNDA:0,(anonymous_3)
FNDA:7,(anonymous_4)
FNDA:2,(anonymous_5)
FNDA:284,(anonymous_6)
FNDA:7,(anonymous_7)
FNDA:85,(anonymous_8)
FNDA:5,(anonymous_9)
DA:18,6
DA:19,68
DA:24,0
DA:29,0
DA:38,7
DA:43,2
DA:48,284
DA:53,7
DA:54,85
DA:59,5
DA:65,1
DA:66,1
DA:67,1
DA:68,1
DA:69,1
LF:15
LH:13
BRF:0
BRH:0
end_of_record
TN:
SF:src/js/model/functions.js
FN:18,(anonymous_0)
FNF:1
FNH:1
FNDA:1283,(anonymous_0)
DA:18,2
DA:19,1283
DA:23,2
LF:3
LH:3
BRF:0
BRH:0
end_of_record
